1727470061.654216 client started (7555): version 3.4, socket /tmp/tmux-1000/default, protocol 8
1727470061.654326 on Linux 6.10.10-arch1-1 #1 SMP PREEMPT_DYNAMIC Thu, 12 Sep 2024 17:21:02 +0000
1727470061.654340 using libevent 2.1.12-stable poll
1727470061.654359 using ncurses 6.5 20240427
1727470061.654429 flags are 0x10010000
1727470061.654473 socket is /tmp/tmux-1000/default
1727470061.654518 trying connect
1727470061.654815 add peer 0x5a81ce040f50: 6 ((nil))
1727470061.656130 sending message 100 to peer 0x5a81ce040f50 (4 bytes)
1727470061.656169 sending message 111 to peer 0x5a81ce040f50 (8 bytes)
1727470061.656181 sending message 101 to peer 0x5a81ce040f50 (14 bytes)
1727470061.656191 sending message 109 to peer 0x5a81ce040f50 (4 bytes)
1727470061.656201 sending message 102 to peer 0x5a81ce040f50 (11 bytes)
1727470061.656211 sending message 108 to peer 0x5a81ce040f50 (22 bytes)
1727470061.656221 sending message 112 to peer 0x5a81ce040f50 (70 bytes)
1727470061.656231 sending message 112 to peer 0x5a81ce040f50 (5 bytes)
1727470061.656241 sending message 112 to peer 0x5a81ce040f50 (5 bytes)
1727470061.656251 sending message 112 to peer 0x5a81ce040f50 (6 bytes)
1727470061.656260 sending message 112 to peer 0x5a81ce040f50 (6 bytes)
1727470061.656270 sending message 112 to peer 0x5a81ce040f50 (11 bytes)
1727470061.656280 sending message 112 to peer 0x5a81ce040f50 (10 bytes)
1727470061.656289 sending message 112 to peer 0x5a81ce040f50 (13 bytes)
1727470061.656298 sending message 112 to peer 0x5a81ce040f50 (13 bytes)
1727470061.656308 sending message 112 to peer 0x5a81ce040f50 (18 bytes)
1727470061.656317 sending message 112 to peer 0x5a81ce040f50 (11 bytes)
1727470061.656326 sending message 112 to peer 0x5a81ce040f50 (10 bytes)
1727470061.656336 sending message 112 to peer 0x5a81ce040f50 (15 bytes)
1727470061.656345 sending message 112 to peer 0x5a81ce040f50 (21 bytes)
1727470061.656354 sending message 112 to peer 0x5a81ce040f50 (13 bytes)
1727470061.656363 sending message 112 to peer 0x5a81ce040f50 (7 bytes)
1727470061.656373 sending message 112 to peer 0x5a81ce040f50 (13 bytes)
1727470061.656382 sending message 112 to peer 0x5a81ce040f50 (7 bytes)
1727470061.656392 sending message 112 to peer 0x5a81ce040f50 (13 bytes)
1727470061.656401 sending message 112 to peer 0x5a81ce040f50 (9 bytes)
1727470061.656410 sending message 112 to peer 0x5a81ce040f50 (21 bytes)
1727470061.656419 sending message 112 to peer 0x5a81ce040f50 (13 bytes)
1727470061.656429 sending message 112 to peer 0x5a81ce040f50 (8 bytes)
1727470061.656438 sending message 112 to peer 0x5a81ce040f50 (12 bytes)
1727470061.656447 sending message 112 to peer 0x5a81ce040f50 (13 bytes)
1727470061.656456 sending message 112 to peer 0x5a81ce040f50 (9 bytes)
1727470061.656466 sending message 112 to peer 0x5a81ce040f50 (9 bytes)
1727470061.656475 sending message 112 to peer 0x5a81ce040f50 (12 bytes)
1727470061.656484 sending message 112 to peer 0x5a81ce040f50 (8 bytes)
1727470061.656494 sending message 112 to peer 0x5a81ce040f50 (8 bytes)
1727470061.656503 sending message 112 to peer 0x5a81ce040f50 (7 bytes)
1727470061.656512 sending message 112 to peer 0x5a81ce040f50 (7 bytes)
1727470061.656522 sending message 112 to peer 0x5a81ce040f50 (9 bytes)
1727470061.656531 sending message 112 to peer 0x5a81ce040f50 (13 bytes)
1727470061.656541 sending message 112 to peer 0x5a81ce040f50 (6 bytes)
1727470061.656550 sending message 112 to peer 0x5a81ce040f50 (9 bytes)
1727470061.656559 sending message 112 to peer 0x5a81ce040f50 (15 bytes)
1727470061.656569 sending message 112 to peer 0x5a81ce040f50 (13 bytes)
1727470061.656578 sending message 112 to peer 0x5a81ce040f50 (12 bytes)
1727470061.656588 sending message 112 to peer 0x5a81ce040f50 (8 bytes)
1727470061.656597 sending message 112 to peer 0x5a81ce040f50 (14 bytes)
1727470061.656607 sending message 112 to peer 0x5a81ce040f50 (11 bytes)
1727470061.656616 sending message 112 to peer 0x5a81ce040f50 (9 bytes)
1727470061.656626 sending message 112 to peer 0x5a81ce040f50 (10 bytes)
1727470061.656635 sending message 112 to peer 0x5a81ce040f50 (10 bytes)
1727470061.656667 sending message 112 to peer 0x5a81ce040f50 (10 bytes)
1727470061.656677 sending message 112 to peer 0x5a81ce040f50 (10 bytes)
1727470061.656686 sending message 112 to peer 0x5a81ce040f50 (11 bytes)
1727470061.656696 sending message 112 to peer 0x5a81ce040f50 (12 bytes)
1727470061.656705 sending message 112 to peer 0x5a81ce040f50 (12 bytes)
1727470061.656714 sending message 112 to peer 0x5a81ce040f50 (12 bytes)
1727470061.656724 sending message 112 to peer 0x5a81ce040f50 (12 bytes)
1727470061.656733 sending message 112 to peer 0x5a81ce040f50 (12 bytes)
1727470061.656742 sending message 112 to peer 0x5a81ce040f50 (11 bytes)
1727470061.656752 sending message 112 to peer 0x5a81ce040f50 (11 bytes)
1727470061.656761 sending message 112 to peer 0x5a81ce040f50 (12 bytes)
1727470061.656770 sending message 112 to peer 0x5a81ce040f50 (12 bytes)
1727470061.656779 sending message 112 to peer 0x5a81ce040f50 (12 bytes)
1727470061.656789 sending message 112 to peer 0x5a81ce040f50 (12 bytes)
1727470061.656798 sending message 112 to peer 0x5a81ce040f50 (12 bytes)
1727470061.656807 sending message 112 to peer 0x5a81ce040f50 (10 bytes)
1727470061.656817 sending message 112 to peer 0x5a81ce040f50 (12 bytes)
1727470061.656826 sending message 112 to peer 0x5a81ce040f50 (13 bytes)
1727470061.656835 sending message 112 to peer 0x5a81ce040f50 (13 bytes)
1727470061.656845 sending message 112 to peer 0x5a81ce040f50 (13 bytes)
1727470061.656854 sending message 112 to peer 0x5a81ce040f50 (13 bytes)
1727470061.656864 sending message 112 to peer 0x5a81ce040f50 (13 bytes)
1727470061.656873 sending message 112 to peer 0x5a81ce040f50 (8 bytes)
1727470061.656882 sending message 112 to peer 0x5a81ce040f50 (11 bytes)
1727470061.656892 sending message 112 to peer 0x5a81ce040f50 (11 bytes)
1727470061.656901 sending message 112 to peer 0x5a81ce040f50 (11 bytes)
1727470061.656911 sending message 112 to peer 0x5a81ce040f50 (12 bytes)
1727470061.656920 sending message 112 to peer 0x5a81ce040f50 (12 bytes)
1727470061.656929 sending message 112 to peer 0x5a81ce040f50 (12 bytes)
1727470061.656938 sending message 112 to peer 0x5a81ce040f50 (12 bytes)
1727470061.656948 sending message 112 to peer 0x5a81ce040f50 (13 bytes)
1727470061.656957 sending message 112 to peer 0x5a81ce040f50 (13 bytes)
1727470061.656966 sending message 112 to peer 0x5a81ce040f50 (13 bytes)
1727470061.656976 sending message 112 to peer 0x5a81ce040f50 (8 bytes)
1727470061.656985 sending message 112 to peer 0x5a81ce040f50 (13 bytes)
1727470061.656995 sending message 112 to peer 0x5a81ce040f50 (13 bytes)
1727470061.657004 sending message 112 to peer 0x5a81ce040f50 (13 bytes)
1727470061.657014 sending message 112 to peer 0x5a81ce040f50 (13 bytes)
1727470061.657023 sending message 112 to peer 0x5a81ce040f50 (13 bytes)
1727470061.657032 sending message 112 to peer 0x5a81ce040f50 (12 bytes)
1727470061.657041 sending message 112 to peer 0x5a81ce040f50 (12 bytes)
1727470061.657051 sending message 112 to peer 0x5a81ce040f50 (12 bytes)
1727470061.657060 sending message 112 to peer 0x5a81ce040f50 (12 bytes)
1727470061.657069 sending message 112 to peer 0x5a81ce040f50 (13 bytes)
1727470061.657079 sending message 112 to peer 0x5a81ce040f50 (8 bytes)
1727470061.657088 sending message 112 to peer 0x5a81ce040f50 (13 bytes)
1727470061.657097 sending message 112 to peer 0x5a81ce040f50 (13 bytes)
1727470061.657107 sending message 112 to peer 0x5a81ce040f50 (13 bytes)
1727470061.657116 sending message 112 to peer 0x5a81ce040f50 (13 bytes)
1727470061.657125 sending message 112 to peer 0x5a81ce040f50 (13 bytes)
1727470061.657135 sending message 112 to peer 0x5a81ce040f50 (13 bytes)
1727470061.657144 sending message 112 to peer 0x5a81ce040f50 (13 bytes)
1727470061.657153 sending message 112 to peer 0x5a81ce040f50 (12 bytes)
1727470061.657163 sending message 112 to peer 0x5a81ce040f50 (12 bytes)
1727470061.657172 sending message 112 to peer 0x5a81ce040f50 (12 bytes)
1727470061.657182 sending message 112 to peer 0x5a81ce040f50 (8 bytes)
1727470061.657191 sending message 112 to peer 0x5a81ce040f50 (12 bytes)
1727470061.657211 sending message 112 to peer 0x5a81ce040f50 (13 bytes)
1727470061.657220 sending message 112 to peer 0x5a81ce040f50 (13 bytes)
1727470061.657230 sending message 112 to peer 0x5a81ce040f50 (13 bytes)
1727470061.657239 sending message 112 to peer 0x5a81ce040f50 (13 bytes)
1727470061.657248 sending message 112 to peer 0x5a81ce040f50 (13 bytes)
1727470061.657258 sending message 112 to peer 0x5a81ce040f50 (13 bytes)
1727470061.657267 sending message 112 to peer 0x5a81ce040f50 (13 bytes)
1727470061.657277 sending message 112 to peer 0x5a81ce040f50 (13 bytes)
1727470061.657286 sending message 112 to peer 0x5a81ce040f50 (12 bytes)
1727470061.657295 sending message 112 to peer 0x5a81ce040f50 (10 bytes)
1727470061.657305 sending message 112 to peer 0x5a81ce040f50 (12 bytes)
1727470061.657314 sending message 112 to peer 0x5a81ce040f50 (12 bytes)
1727470061.657323 sending message 112 to peer 0x5a81ce040f50 (12 bytes)
1727470061.657332 sending message 112 to peer 0x5a81ce040f50 (13 bytes)
1727470061.657342 sending message 112 to peer 0x5a81ce040f50 (13 bytes)
1727470061.657351 sending message 112 to peer 0x5a81ce040f50 (13 bytes)
1727470061.657360 sending message 112 to peer 0x5a81ce040f50 (13 bytes)
1727470061.657370 sending message 112 to peer 0x5a81ce040f50 (13 bytes)
1727470061.657379 sending message 112 to peer 0x5a81ce040f50 (13 bytes)
1727470061.657388 sending message 112 to peer 0x5a81ce040f50 (13 bytes)
1727470061.657398 sending message 112 to peer 0x5a81ce040f50 (10 bytes)
1727470061.657407 sending message 112 to peer 0x5a81ce040f50 (13 bytes)
1727470061.657416 sending message 112 to peer 0x5a81ce040f50 (12 bytes)
1727470061.657425 sending message 112 to peer 0x5a81ce040f50 (12 bytes)
1727470061.657435 sending message 112 to peer 0x5a81ce040f50 (12 bytes)
1727470061.657444 sending message 112 to peer 0x5a81ce040f50 (10 bytes)
1727470061.657453 sending message 112 to peer 0x5a81ce040f50 (10 bytes)
1727470061.657463 sending message 112 to peer 0x5a81ce040f50 (10 bytes)
1727470061.657472 sending message 112 to peer 0x5a81ce040f50 (12 bytes)
1727470061.657481 sending message 112 to peer 0x5a81ce040f50 (13 bytes)
1727470061.657490 sending message 112 to peer 0x5a81ce040f50 (13 bytes)
1727470061.657500 sending message 112 to peer 0x5a81ce040f50 (13 bytes)
1727470061.657509 sending message 112 to peer 0x5a81ce040f50 (13 bytes)
1727470061.657518 sending message 112 to peer 0x5a81ce040f50 (13 bytes)
1727470061.657527 sending message 112 to peer 0x5a81ce040f50 (11 bytes)
1727470061.657537 sending message 112 to peer 0x5a81ce040f50 (11 bytes)
1727470061.657546 sending message 112 to peer 0x5a81ce040f50 (12 bytes)
1727470061.657555 sending message 112 to peer 0x5a81ce040f50 (12 bytes)
1727470061.657565 sending message 112 to peer 0x5a81ce040f50 (12 bytes)
1727470061.657574 sending message 112 to peer 0x5a81ce040f50 (12 bytes)
1727470061.657583 sending message 112 to peer 0x5a81ce040f50 (12 bytes)
1727470061.657593 sending message 112 to peer 0x5a81ce040f50 (11 bytes)
1727470061.657602 sending message 112 to peer 0x5a81ce040f50 (12 bytes)
1727470061.657611 sending message 112 to peer 0x5a81ce040f50 (12 bytes)
1727470061.657620 sending message 112 to peer 0x5a81ce040f50 (13 bytes)
1727470061.657630 sending message 112 to peer 0x5a81ce040f50 (13 bytes)
1727470061.657639 sending message 112 to peer 0x5a81ce040f50 (13 bytes)
1727470061.657649 sending message 112 to peer 0x5a81ce040f50 (13 bytes)
1727470061.657658 sending message 112 to peer 0x5a81ce040f50 (13 bytes)
1727470061.657667 sending message 112 to peer 0x5a81ce040f50 (10 bytes)
1727470061.657677 sending message 112 to peer 0x5a81ce040f50 (9 bytes)
1727470061.657686 sending message 112 to peer 0x5a81ce040f50 (12 bytes)
1727470061.657695 sending message 112 to peer 0x5a81ce040f50 (13 bytes)
1727470061.657704 sending message 112 to peer 0x5a81ce040f50 (13 bytes)
1727470061.657726 sending message 112 to peer 0x5a81ce040f50 (13 bytes)
1727470061.657729 sending message 112 to peer 0x5a81ce040f50 (13 bytes)
1727470061.657732 sending message 112 to peer 0x5a81ce040f50 (13 bytes)
1727470061.657737 sending message 112 to peer 0x5a81ce040f50 (9 bytes)
1727470061.657740 sending message 112 to peer 0x5a81ce040f50 (12 bytes)
1727470061.657743 sending message 112 to peer 0x5a81ce040f50 (13 bytes)
1727470061.657746 sending message 112 to peer 0x5a81ce040f50 (13 bytes)
1727470061.657749 sending message 112 to peer 0x5a81ce040f50 (13 bytes)
1727470061.657752 sending message 112 to peer 0x5a81ce040f50 (13 bytes)
1727470061.657754 sending message 112 to peer 0x5a81ce040f50 (13 bytes)
1727470061.657757 sending message 112 to peer 0x5a81ce040f50 (11 bytes)
1727470061.657760 sending message 112 to peer 0x5a81ce040f50 (12 bytes)
1727470061.657763 sending message 112 to peer 0x5a81ce040f50 (13 bytes)
1727470061.657766 sending message 112 to peer 0x5a81ce040f50 (13 bytes)
1727470061.657769 sending message 112 to peer 0x5a81ce040f50 (13 bytes)
1727470061.657771 sending message 112 to peer 0x5a81ce040f50 (13 bytes)
1727470061.657774 sending message 112 to peer 0x5a81ce040f50 (13 bytes)
1727470061.657777 sending message 112 to peer 0x5a81ce040f50 (11 bytes)
1727470061.657780 sending message 112 to peer 0x5a81ce040f50 (12 bytes)
1727470061.657783 sending message 112 to peer 0x5a81ce040f50 (12 bytes)
1727470061.657786 sending message 112 to peer 0x5a81ce040f50 (12 bytes)
1727470061.657789 sending message 112 to peer 0x5a81ce040f50 (12 bytes)
1727470061.657792 sending message 112 to peer 0x5a81ce040f50 (12 bytes)
1727470061.657795 sending message 112 to peer 0x5a81ce040f50 (21 bytes)
1727470061.657798 sending message 112 to peer 0x5a81ce040f50 (12 bytes)
1727470061.657801 sending message 112 to peer 0x5a81ce040f50 (9 bytes)
1727470061.657803 sending message 112 to peer 0x5a81ce040f50 (6 bytes)
1727470061.657806 sending message 112 to peer 0x5a81ce040f50 (13 bytes)
1727470061.657809 sending message 112 to peer 0x5a81ce040f50 (8 bytes)
1727470061.657812 sending message 112 to peer 0x5a81ce040f50 (15 bytes)
1727470061.657815 sending message 112 to peer 0x5a81ce040f50 (13 bytes)
1727470061.657818 sending message 112 to peer 0x5a81ce040f50 (9 bytes)
1727470061.657821 sending message 112 to peer 0x5a81ce040f50 (70 bytes)
1727470061.657824 sending message 112 to peer 0x5a81ce040f50 (69 bytes)
1727470061.657827 sending message 112 to peer 0x5a81ce040f50 (10 bytes)
1727470061.657830 sending message 112 to peer 0x5a81ce040f50 (10 bytes)
1727470061.657833 sending message 112 to peer 0x5a81ce040f50 (8 bytes)
1727470061.657836 sending message 112 to peer 0x5a81ce040f50 (15 bytes)
1727470061.657839 sending message 112 to peer 0x5a81ce040f50 (13 bytes)
1727470061.657842 sending message 112 to peer 0x5a81ce040f50 (10 bytes)
1727470061.657845 sending message 112 to peer 0x5a81ce040f50 (10 bytes)
1727470061.657848 sending message 112 to peer 0x5a81ce040f50 (17 bytes)
1727470061.657850 sending message 112 to peer 0x5a81ce040f50 (10 bytes)
1727470061.657853 sending message 112 to peer 0x5a81ce040f50 (13 bytes)
1727470061.657856 sending message 112 to peer 0x5a81ce040f50 (9 bytes)
1727470061.657859 sending message 112 to peer 0x5a81ce040f50 (5 bytes)
1727470061.657862 sending message 112 to peer 0x5a81ce040f50 (15 bytes)
1727470061.657866 sending message 104 to peer 0x5a81ce040f50 (0 bytes)
1727470061.657870 sending message 110 to peer 0x5a81ce040f50 (0 bytes)
1727470061.657874 sending message 107 to peer 0x5a81ce040f50 (4 bytes)
1727470061.657877 sending message 105 to peer 0x5a81ce040f50 (16 bytes)
1727470061.657880 sending message 105 to peer 0x5a81ce040f50 (20 bytes)
1727470061.657883 sending message 105 to peer 0x5a81ce040f50 (54 bytes)
1727470061.657886 sending message 105 to peer 0x5a81ce040f50 (50 bytes)
1727470061.657889 sending message 105 to peer 0x5a81ce040f50 (25 bytes)
1727470061.657892 sending message 105 to peer 0x5a81ce040f50 (11 bytes)
1727470061.657896 sending message 105 to peer 0x5a81ce040f50 (12 bytes)
1727470061.657899 sending message 105 to peer 0x5a81ce040f50 (64 bytes)
1727470061.657902 sending message 105 to peer 0x5a81ce040f50 (14 bytes)
1727470061.657904 sending message 105 to peer 0x5a81ce040f50 (19 bytes)
1727470061.657910 sending message 105 to peer 0x5a81ce040f50 (22 bytes)
1727470061.657913 sending message 105 to peer 0x5a81ce040f50 (91 bytes)
1727470061.657916 sending message 105 to peer 0x5a81ce040f50 (38 bytes)
1727470061.657919 sending message 105 to peer 0x5a81ce040f50 (15 bytes)
1727470061.657922 sending message 105 to peer 0x5a81ce040f50 (60 bytes)
1727470061.657925 sending message 105 to peer 0x5a81ce040f50 (18 bytes)
1727470061.657928 sending message 105 to peer 0x5a81ce040f50 (17 bytes)
1727470061.657931 sending message 105 to peer 0x5a81ce040f50 (17 bytes)
1727470061.657934 sending message 105 to peer 0x5a81ce040f50 (24 bytes)
1727470061.657937 sending message 105 to peer 0x5a81ce040f50 (21 bytes)
1727470061.657940 sending message 105 to peer 0x5a81ce040f50 (18 bytes)
1727470061.657943 sending message 105 to peer 0x5a81ce040f50 (14 bytes)
1727470061.657946 sending message 105 to peer 0x5a81ce040f50 (17 bytes)
1727470061.657948 sending message 105 to peer 0x5a81ce040f50 (15 bytes)
1727470061.657951 sending message 105 to peer 0x5a81ce040f50 (19 bytes)
1727470061.657954 sending message 105 to peer 0x5a81ce040f50 (14 bytes)
1727470061.657957 sending message 105 to peer 0x5a81ce040f50 (8 bytes)
1727470061.657960 sending message 105 to peer 0x5a81ce040f50 (11 bytes)
1727470061.657963 sending message 105 to peer 0x5a81ce040f50 (32 bytes)
1727470061.657967 sending message 105 to peer 0x5a81ce040f50 (1905 bytes)
1727470061.657983 sending message 105 to peer 0x5a81ce040f50 (24 bytes)
1727470061.657986 sending message 105 to peer 0x5a81ce040f50 (15 bytes)
1727470061.657989 sending message 105 to peer 0x5a81ce040f50 (21 bytes)
1727470061.657992 sending message 105 to peer 0x5a81ce040f50 (49 bytes)
1727470061.657995 sending message 105 to peer 0x5a81ce040f50 (16 bytes)
1727470061.657998 sending message 105 to peer 0x5a81ce040f50 (22 bytes)
1727470061.658001 sending message 105 to peer 0x5a81ce040f50 (58 bytes)
1727470061.658004 sending message 105 to peer 0x5a81ce040f50 (29 bytes)
1727470061.658007 sending message 105 to peer 0x5a81ce040f50 (12 bytes)
1727470061.658010 sending message 105 to peer 0x5a81ce040f50 (11 bytes)
1727470061.658013 sending message 105 to peer 0x5a81ce040f50 (50 bytes)
1727470061.658016 sending message 105 to peer 0x5a81ce040f50 (145 bytes)
1727470061.658019 sending message 105 to peer 0x5a81ce040f50 (26 bytes)
1727470061.658022 sending message 105 to peer 0x5a81ce040f50 (20 bytes)
1727470061.658024 sending message 105 to peer 0x5a81ce040f50 (19 bytes)
1727470061.658027 sending message 105 to peer 0x5a81ce040f50 (8 bytes)
1727470061.658030 sending message 105 to peer 0x5a81ce040f50 (19 bytes)
1727470061.658033 sending message 105 to peer 0x5a81ce040f50 (33 bytes)
1727470061.658036 sending message 105 to peer 0x5a81ce040f50 (18 bytes)
1727470061.658039 sending message 105 to peer 0x5a81ce040f50 (25 bytes)
1727470061.658042 sending message 105 to peer 0x5a81ce040f50 (35 bytes)
1727470061.658045 sending message 105 to peer 0x5a81ce040f50 (13 bytes)
1727470061.658048 sending message 105 to peer 0x5a81ce040f50 (56 bytes)
1727470061.658051 sending message 105 to peer 0x5a81ce040f50 (8 bytes)
1727470061.658054 sending message 105 to peer 0x5a81ce040f50 (26 bytes)
1727470061.658057 sending message 105 to peer 0x5a81ce040f50 (16 bytes)
1727470061.658060 sending message 105 to peer 0x5a81ce040f50 (20 bytes)
1727470061.658063 sending message 105 to peer 0x5a81ce040f50 (29 bytes)
1727470061.658066 sending message 105 to peer 0x5a81ce040f50 (31 bytes)
1727470061.658068 sending message 105 to peer 0x5a81ce040f50 (15 bytes)
1727470061.658071 sending message 105 to peer 0x5a81ce040f50 (52 bytes)
1727470061.658074 sending message 105 to peer 0x5a81ce040f50 (23 bytes)
1727470061.658077 sending message 105 to peer 0x5a81ce040f50 (21 bytes)
1727470061.658080 sending message 105 to peer 0x5a81ce040f50 (17 bytes)
1727470061.658083 sending message 105 to peer 0x5a81ce040f50 (58 bytes)
1727470061.658086 sending message 105 to peer 0x5a81ce040f50 (25 bytes)
1727470061.658089 sending message 105 to peer 0x5a81ce040f50 (11 bytes)
1727470061.658094 sending message 105 to peer 0x5a81ce040f50 (24 bytes)
1727470061.658098 sending message 105 to peer 0x5a81ce040f50 (16 bytes)
1727470061.658100 sending message 105 to peer 0x5a81ce040f50 (30 bytes)
1727470061.658103 sending message 105 to peer 0x5a81ce040f50 (24 bytes)
1727470061.658106 sending message 105 to peer 0x5a81ce040f50 (20 bytes)
1727470061.658109 sending message 105 to peer 0x5a81ce040f50 (10 bytes)
1727470061.658112 sending message 106 to peer 0x5a81ce040f50 (0 bytes)
1727470061.658169 sending message 200 to peer 0x5a81ce040f50 (4 bytes)
1727470061.658172 client loop enter
1727470061.661234 peer 0x5a81ce040f50 message 303
1727470061.661245 open write file 2 -
1727470061.661255 sending message 305 to peer 0x5a81ce040f50 (8 bytes)
1727470061.661264 write check file 2
1727470061.661616 peer 0x5a81ce040f50 message 304
1727470061.661623 write 58 to file 2
1727470061.661628 peer 0x5a81ce040f50 message 203
1727470061.661631 file 2 58 bytes left
1727470061.661646 write check file 2
1727470061.661649 client loop exit
